<?xml version="1.0" encoding="UTF-8"?>
<testsuite name="MoveTest" tests="2" skipped="0" failures="0" errors="0" timestamp="2022-04-20T23:56:18" hostname="DESKTOP-7DAIKI9" time="0.045">
  <properties/>
  <testcase name="getters_shouldReturnCorrectValues_afterMoveIsCreated()" classname="MoveTest" time="0.03"/>
  <testcase name="getGamepieceName_shouldReturnCorrectValue_afterMoveIsModifiedWithSetGamepieceName()" classname="MoveTest" time="0.014"/>
  <system-out><![CDATA[Move test: check that the values given to Move(player,gamepiece,gamepieceName, location) are returned correctly by getters
	Testing for Move(TestPlayer@61a88b8c(name=null,playerNo=0,gamepieceSet=model.GamepieceSet@6399551e {T4=model.Gamepiece@41d426b5(Locations =[model.Location@8dbfffb(x=0,y=0), model.Location@f316aeb(x=-1,y=0), model.Location@6aa3a905(x=1,y=0), model.Location@a22cb6a(x=0,y=1)],playerNo=0), T5=model.Gamepiece@5dd1c9f2(Locations =[model.Location@59b38691(x=0,y=0), model.Location@2e2ff723(x=1,y=0), model.Location@324a0017(x=-1,y=0), model.Location@6187d1f5(x=0,y=1), model.Location@2445445a(x=0,y=2)],playerNo=0), O4=model.Gamepiece@7502291e(Locations =[model.Location@17aad511(x=0,y=0), model.Location@487db668(x=0,y=1), model.Location@46944ca9(x=1,y=1), model.Location@22bac7bc(x=1,y=0)],playerNo=0), F=model.Gamepiece@63798ca7(Locations =[model.Location@4612b856(x=0,y=0), model.Location@22875539(x=-1,y=0), model.Location@5674e1f2(x=0,y=-1), model.Location@79c7532f(x=0,y=1), model.Location@2a448449(x=1,y=1)],playerNo=0), I1=model.Gamepiece@32f232a5(Locations =[model.Location@43f82e78(x=0,y=0)],playerNo=0), L4=model.Gamepiece@e54303(Locations =[model.Location@e8df99a(x=0,y=0), model.Location@2dc995f4(x=0,y=1), model.Location@2f40e5db(x=0,y=2), model.Location@517566b(x=1,y=0)],playerNo=0), I2=model.Gamepiece@64b73e7a(Locations =[model.Location@530712d(x=0,y=0), model.Location@2df6226d(x=0,y=1)],playerNo=0), L5=model.Gamepiece@12ed9db6(Locations =[model.Location@4ff4357f(x=0,y=0), model.Location@49cb9cb5(x=0,y=1), model.Location@55322aab(x=1,y=0), model.Location@2b4c1d96(x=2,y=0), model.Location@45fd9a4d(x=3,y=0)],playerNo=0), I3=model.Gamepiece@50468873(Locations =[model.Location@146587a2(x=0,y=0), model.Location@5f0e9815(x=0,y=1), model.Location@76884e4b(x=0,y=2)],playerNo=0), I4=model.Gamepiece@126945f9(Locations =[model.Location@2a898881(x=0,y=0), model.Location@16c63f5(x=0,y=1), model.Location@35229f85(x=0,y=2), model.Location@6d3c5255(x=0,y=3)],playerNo=0), I5=model.Gamepiece@b1712f3(Locations =[model.Location@6986bbaf(x=0,y=0), model.Location@4879dfad(x=0,y=1), model.Location@4758820d(x=0,y=2), model.Location@74eb909f(x=0,y=3), model.Location@28ec166e(x=0,y=4)],playerNo=0), N=model.Gamepiece@2eee3069(Locations =[model.Location@2da59753(x=0,y=0), model.Location@5629510(x=0,y=-1), model.Location@4df5bcb4(x=-1,y=-1), model.Location@12c7a01b(x=1,y=0), model.Location@13d9b21f(x=2,y=0)],playerNo=0), P=model.Gamepiece@2826f61(Locations =[model.Location@62727399(x=0,y=0), model.Location@4d9ac0b4(x=1,y=0), model.Location@130dca52(x=0,y=-1), model.Location@2654635(x=1,y=-1), model.Location@737a135b(x=0,y=-2)],playerNo=0), U=model.Gamepiece@687ef2e0(Locations =[model.Location@15dcfae7(x=0,y=0), model.Location@3da05287(x=0,y=1), model.Location@1e636ea3(x=1,y=1), model.Location@115667d(x=0,y=-1), model.Location@736caf7a(x=1,y=-1)],playerNo=0), W=model.Gamepiece@4ce7fffa(Locations =[model.Location@497486b3(x=0,y=0), model.Location@63f8276e(x=-1,y=0), model.Location@75f95314(x=-1,y=-1), model.Location@6127a7e(x=0,y=1), model.Location@6bbe2511(x=1,y=1)],playerNo=0), X=model.Gamepiece@495fac5f(Locations =[model.Location@76012793(x=0,y=0), model.Location@635572a7(x=1,y=0), model.Location@79d94571(x=-1,y=0), model.Location@4dd02341(x=0,y=1), model.Location@3212a8d7(x=0,y=-1)],playerNo=0), Y=model.Gamepiece@7a1a3478(Locations =[model.Location@495b0487(x=0,y=0), model.Location@55dfcc6(x=0,y=1), model.Location@222eb8aa(x=1,y=0), model.Location@93cf163(x=2,y=0), model.Location@1852a3ff(x=-1,y=0)],playerNo=0), Z4=model.Gamepiece@7203c7ff(Locations =[model.Location@25bfcafd(x=0,y=0), model.Location@4b6690c0(x=0,y=1), model.Location@46268f08(x=1,y=1), model.Location@2a76840c(x=-1,y=0)],playerNo=0), Z5=model.Gamepiece@71454b9d(Locations =[model.Location@eda25e5(x=0,y=0), model.Location@7cf6a5f9(x=-1,y=0), model.Location@623e088f(x=-1,y=-1), model.Location@39fcbef6(x=1,y=0), model.Location@66565121(x=1,y=1)],playerNo=0), V3=model.Gamepiece@2fc6f97f(Locations =[model.Location@3d2ee678(x=0,y=0), model.Location@6179e425(x=0,y=1), model.Location@35f26e72(x=1,y=0)],playerNo=0), V5=model.Gamepiece@2d6764b2(Locations =[model.Location@67304a40(x=0,y=0), model.Location@49c6c24f(x=0,y=1), model.Location@6fe1b4fb(x=0,y=2), model.Location@79351f41(x=1,y=0), model.Location@1c32386d(x=2,y=0)],playerNo=0)}),model.Gamepiece@32f232a5(Locations =[model.Location@43f82e78(x=0,y=0)],playerNo=0),model.Location@13d73fa(x=4,y=9)): getPlayer() = TestPlayer@61a88b8c(name=null,playerNo=0,gamepieceSet=model.GamepieceSet@6399551e {T4=model.Gamepiece@41d426b5(Locations =[model.Location@8dbfffb(x=0,y=0), model.Location@f316aeb(x=-1,y=0), model.Location@6aa3a905(x=1,y=0), model.Location@a22cb6a(x=0,y=1)],playerNo=0), T5=model.Gamepiece@5dd1c9f2(Locations =[model.Location@59b38691(x=0,y=0), model.Location@2e2ff723(x=1,y=0), model.Location@324a0017(x=-1,y=0), model.Location@6187d1f5(x=0,y=1), model.Location@2445445a(x=0,y=2)],playerNo=0), O4=model.Gamepiece@7502291e(Locations =[model.Location@17aad511(x=0,y=0), model.Location@487db668(x=0,y=1), model.Location@46944ca9(x=1,y=1), model.Location@22bac7bc(x=1,y=0)],playerNo=0), F=model.Gamepiece@63798ca7(Locations =[model.Location@4612b856(x=0,y=0), model.Location@22875539(x=-1,y=0), model.Location@5674e1f2(x=0,y=-1), model.Location@79c7532f(x=0,y=1), model.Location@2a448449(x=1,y=1)],playerNo=0), I1=model.Gamepiece@32f232a5(Locations =[model.Location@43f82e78(x=0,y=0)],playerNo=0), L4=model.Gamepiece@e54303(Locations =[model.Location@e8df99a(x=0,y=0), model.Location@2dc995f4(x=0,y=1), model.Location@2f40e5db(x=0,y=2), model.Location@517566b(x=1,y=0)],playerNo=0), I2=model.Gamepiece@64b73e7a(Locations =[model.Location@530712d(x=0,y=0), model.Location@2df6226d(x=0,y=1)],playerNo=0), L5=model.Gamepiece@12ed9db6(Locations =[model.Location@4ff4357f(x=0,y=0), model.Location@49cb9cb5(x=0,y=1), model.Location@55322aab(x=1,y=0), model.Location@2b4c1d96(x=2,y=0), model.Location@45fd9a4d(x=3,y=0)],playerNo=0), I3=model.Gamepiece@50468873(Locations =[model.Location@146587a2(x=0,y=0), model.Location@5f0e9815(x=0,y=1), model.Location@76884e4b(x=0,y=2)],playerNo=0), I4=model.Gamepiece@126945f9(Locations =[model.Location@2a898881(x=0,y=0), model.Location@16c63f5(x=0,y=1), model.Location@35229f85(x=0,y=2), model.Location@6d3c5255(x=0,y=3)],playerNo=0), I5=model.Gamepiece@b1712f3(Locations =[model.Location@6986bbaf(x=0,y=0), model.Location@4879dfad(x=0,y=1), model.Location@4758820d(x=0,y=2), model.Location@74eb909f(x=0,y=3), model.Location@28ec166e(x=0,y=4)],playerNo=0), N=model.Gamepiece@2eee3069(Locations =[model.Location@2da59753(x=0,y=0), model.Location@5629510(x=0,y=-1), model.Location@4df5bcb4(x=-1,y=-1), model.Location@12c7a01b(x=1,y=0), model.Location@13d9b21f(x=2,y=0)],playerNo=0), P=model.Gamepiece@2826f61(Locations =[model.Location@62727399(x=0,y=0), model.Location@4d9ac0b4(x=1,y=0), model.Location@130dca52(x=0,y=-1), model.Location@2654635(x=1,y=-1), model.Location@737a135b(x=0,y=-2)],playerNo=0), U=model.Gamepiece@687ef2e0(Locations =[model.Location@15dcfae7(x=0,y=0), model.Location@3da05287(x=0,y=1), model.Location@1e636ea3(x=1,y=1), model.Location@115667d(x=0,y=-1), model.Location@736caf7a(x=1,y=-1)],playerNo=0), W=model.Gamepiece@4ce7fffa(Locations =[model.Location@497486b3(x=0,y=0), model.Location@63f8276e(x=-1,y=0), model.Location@75f95314(x=-1,y=-1), model.Location@6127a7e(x=0,y=1), model.Location@6bbe2511(x=1,y=1)],playerNo=0), X=model.Gamepiece@495fac5f(Locations =[model.Location@76012793(x=0,y=0), model.Location@635572a7(x=1,y=0), model.Location@79d94571(x=-1,y=0), model.Location@4dd02341(x=0,y=1), model.Location@3212a8d7(x=0,y=-1)],playerNo=0), Y=model.Gamepiece@7a1a3478(Locations =[model.Location@495b0487(x=0,y=0), model.Location@55dfcc6(x=0,y=1), model.Location@222eb8aa(x=1,y=0), model.Location@93cf163(x=2,y=0), model.Location@1852a3ff(x=-1,y=0)],playerNo=0), Z4=model.Gamepiece@7203c7ff(Locations =[model.Location@25bfcafd(x=0,y=0), model.Location@4b6690c0(x=0,y=1), model.Location@46268f08(x=1,y=1), model.Location@2a76840c(x=-1,y=0)],playerNo=0), Z5=model.Gamepiece@71454b9d(Locations =[model.Location@eda25e5(x=0,y=0), model.Location@7cf6a5f9(x=-1,y=0), model.Location@623e088f(x=-1,y=-1), model.Location@39fcbef6(x=1,y=0), model.Location@66565121(x=1,y=1)],playerNo=0), V3=model.Gamepiece@2fc6f97f(Locations =[model.Location@3d2ee678(x=0,y=0), model.Location@6179e425(x=0,y=1), model.Location@35f26e72(x=1,y=0)],playerNo=0), V5=model.Gamepiece@2d6764b2(Locations =[model.Location@67304a40(x=0,y=0), model.Location@49c6c24f(x=0,y=1), model.Location@6fe1b4fb(x=0,y=2), model.Location@79351f41(x=1,y=0), model.Location@1c32386d(x=2,y=0)],playerNo=0)}), getGamepiece() = model.Gamepiece@32f232a5(Locations =[model.Location@43f82e78(x=0,y=0)],playerNo=0), getLocation() = model.Location@13d73fa(x=4,y=9)
	Testing for Move(TestPlayer@5023bb8b(name=null,playerNo=1,gamepieceSet=model.GamepieceSet@5ccbeb64 {T4=model.Gamepiece@5d5f10b2(Locations =[model.Location@74c79fa2(x=0,y=0), model.Location@1e0f9063(x=-1,y=0), model.Location@53bd8fca(x=1,y=0), model.Location@7642df8f(x=0,y=1)],playerNo=1), T5=model.Gamepiece@3e30646a(Locations =[model.Location@5cde6747(x=0,y=0), model.Location@63a270c9(x=1,y=0), model.Location@37c7595(x=-1,y=0), model.Location@3ed242a4(x=0,y=1), model.Location@1199fe66(x=0,y=2)],playerNo=1), O4=model.Gamepiece@614df0a4(Locations =[model.Location@1fdf1c5(x=0,y=0), model.Location@2d96543c(x=0,y=1), model.Location@73a2e526(x=1,y=1), model.Location@7d64e326(x=1,y=0)],playerNo=1), F=model.Gamepiece@13f95696(Locations =[model.Location@cd1d761(x=0,y=0), model.Location@68be8808(x=-1,y=0), model.Location@32193bea(x=0,y=-1), model.Location@6b8d96d9(x=0,y=1), model.Location@69653e16(x=1,y=1)],playerNo=1), I1=model.Gamepiece@758705fa(Locations =[model.Location@ebaa6cb(x=0,y=0)],playerNo=1), L4=model.Gamepiece@906d29b(Locations =[model.Location@49d3c823(x=0,y=0), model.Location@436bc36(x=0,y=1), model.Location@5fe1ce85(x=0,y=2), model.Location@604c5de8(x=1,y=0)],playerNo=1), I2=model.Gamepiece@37091312(Locations =[model.Location@66fdec9(x=0,y=0), model.Location@57abad67(x=0,y=1)],playerNo=1), L5=model.Gamepiece@550a1967(Locations =[model.Location@2a640157(x=0,y=0), model.Location@52851b44(x=0,y=1), model.Location@584f54e6(x=1,y=0), model.Location@5d8bafa9(x=2,y=0), model.Location@576f63f6(x=3,y=0)],playerNo=1), I3=model.Gamepiece@2dca0d64(Locations =[model.Location@f80945f(x=0,y=0), model.Location@ff684e1(x=0,y=1), model.Location@23aa363a(x=0,y=2)],playerNo=1), I4=model.Gamepiece@5ef6ae06(Locations =[model.Location@55dfebeb(x=0,y=0), model.Location@6e35bc3d(x=0,y=1), model.Location@1cdc4c27(x=0,y=2), model.Location@77b14724(x=0,y=3)],playerNo=1), I5=model.Gamepiece@5d9b7a8a(Locations =[model.Location@1e8ce150(x=0,y=0), model.Location@604f2bd2(x=0,y=1), model.Location@1d3ac898(x=0,y=2), model.Location@1b73be9f(x=0,y=3), model.Location@628c4ac0(x=0,y=4)],playerNo=1), N=model.Gamepiece@7b84fcf8(Locations =[model.Location@30b19518(x=0,y=0), model.Location@363042d7(x=0,y=-1), model.Location@366ac49b(x=-1,y=-1), model.Location@6ad59d92(x=1,y=0), model.Location@56f0cc85(x=2,y=0)],playerNo=1), P=model.Gamepiece@62e20a76(Locations =[model.Location@2cc44ad(x=0,y=0), model.Location@44b3606b(x=1,y=0), model.Location@1477089c(x=0,y=-1), model.Location@663411de(x=1,y=-1), model.Location@63dd899(x=0,y=-2)],playerNo=1), U=model.Gamepiece@59d2400d(Locations =[model.Location@75cd8043(x=0,y=0), model.Location@33b1c5c5(x=0,y=1), model.Location@5b202a3a(x=1,y=1), model.Location@10b9db7b(x=0,y=-1), model.Location@9ef8eb7(x=1,y=-1)],playerNo=1), W=model.Gamepiece@34cdeda2(Locations =[model.Location@6ee660fb(x=0,y=0), model.Location@305a0c5f(x=-1,y=0), model.Location@4535b6d5(x=-1,y=-1), model.Location@1ecee32c(x=0,y=1), model.Location@4372b9b6(x=1,y=1)],playerNo=1), X=model.Gamepiece@232a7d73(Locations =[model.Location@4b41e4dd(x=0,y=0), model.Location@22ffa91a(x=1,y=0), model.Location@74960bfa(x=-1,y=0), model.Location@42721fe(x=0,y=1), model.Location@40844aab(x=0,y=-1)],playerNo=1), Y=model.Gamepiece@1f6c9cd8(Locations =[model.Location@5b619d14(x=0,y=0), model.Location@66746f57(x=0,y=1), model.Location@447a020(x=1,y=0), model.Location@7f36662c(x=2,y=0), model.Location@28e8dde3(x=-1,y=0)],playerNo=1), Z4=model.Gamepiece@6d23017e(Locations =[model.Location@54dcfa5a(x=0,y=0), model.Location@1817f1eb(x=0,y=1), model.Location@767e20cf(x=1,y=1), model.Location@3a3e78f(x=-1,y=0)],playerNo=1), Z5=model.Gamepiece@301ec38b(Locations =[model.Location@17a1e4ca(x=0,y=0), model.Location@10ded6a9(x=-1,y=0), model.Location@c5dc4a2(x=-1,y=-1), model.Location@4a194c39(x=1,y=0), model.Location@52066604(x=1,y=1)],playerNo=1), V3=model.Gamepiece@340b9973(Locations =[model.Location@56113384(x=0,y=0), model.Location@5669c5fb(x=0,y=1), model.Location@373ebf74(x=1,y=0)],playerNo=1), V5=model.Gamepiece@5f9678e1(Locations =[model.Location@c4ed84(x=0,y=0), model.Location@189aa67a(x=0,y=1), model.Location@5a9d6f02(x=0,y=2), model.Location@362045c0(x=1,y=0), model.Location@112f364d(x=2,y=0)],playerNo=1)}),model.Gamepiece@340b9973(Locations =[model.Location@56113384(x=0,y=0), model.Location@5669c5fb(x=0,y=1), model.Location@373ebf74(x=1,y=0)],playerNo=1),model.Location@6d9f7a80(x=0,y=0)): getPlayer() = TestPlayer@5023bb8b(name=null,playerNo=1,gamepieceSet=model.GamepieceSet@5ccbeb64 {T4=model.Gamepiece@5d5f10b2(Locations =[model.Location@74c79fa2(x=0,y=0), model.Location@1e0f9063(x=-1,y=0), model.Location@53bd8fca(x=1,y=0), model.Location@7642df8f(x=0,y=1)],playerNo=1), T5=model.Gamepiece@3e30646a(Locations =[model.Location@5cde6747(x=0,y=0), model.Location@63a270c9(x=1,y=0), model.Location@37c7595(x=-1,y=0), model.Location@3ed242a4(x=0,y=1), model.Location@1199fe66(x=0,y=2)],playerNo=1), O4=model.Gamepiece@614df0a4(Locations =[model.Location@1fdf1c5(x=0,y=0), model.Location@2d96543c(x=0,y=1), model.Location@73a2e526(x=1,y=1), model.Location@7d64e326(x=1,y=0)],playerNo=1), F=model.Gamepiece@13f95696(Locations =[model.Location@cd1d761(x=0,y=0), model.Location@68be8808(x=-1,y=0), model.Location@32193bea(x=0,y=-1), model.Location@6b8d96d9(x=0,y=1), model.Location@69653e16(x=1,y=1)],playerNo=1), I1=model.Gamepiece@758705fa(Locations =[model.Location@ebaa6cb(x=0,y=0)],playerNo=1), L4=model.Gamepiece@906d29b(Locations =[model.Location@49d3c823(x=0,y=0), model.Location@436bc36(x=0,y=1), model.Location@5fe1ce85(x=0,y=2), model.Location@604c5de8(x=1,y=0)],playerNo=1), I2=model.Gamepiece@37091312(Locations =[model.Location@66fdec9(x=0,y=0), model.Location@57abad67(x=0,y=1)],playerNo=1), L5=model.Gamepiece@550a1967(Locations =[model.Location@2a640157(x=0,y=0), model.Location@52851b44(x=0,y=1), model.Location@584f54e6(x=1,y=0), model.Location@5d8bafa9(x=2,y=0), model.Location@576f63f6(x=3,y=0)],playerNo=1), I3=model.Gamepiece@2dca0d64(Locations =[model.Location@f80945f(x=0,y=0), model.Location@ff684e1(x=0,y=1), model.Location@23aa363a(x=0,y=2)],playerNo=1), I4=model.Gamepiece@5ef6ae06(Locations =[model.Location@55dfebeb(x=0,y=0), model.Location@6e35bc3d(x=0,y=1), model.Location@1cdc4c27(x=0,y=2), model.Location@77b14724(x=0,y=3)],playerNo=1), I5=model.Gamepiece@5d9b7a8a(Locations =[model.Location@1e8ce150(x=0,y=0), model.Location@604f2bd2(x=0,y=1), model.Location@1d3ac898(x=0,y=2), model.Location@1b73be9f(x=0,y=3), model.Location@628c4ac0(x=0,y=4)],playerNo=1), N=model.Gamepiece@7b84fcf8(Locations =[model.Location@30b19518(x=0,y=0), model.Location@363042d7(x=0,y=-1), model.Location@366ac49b(x=-1,y=-1), model.Location@6ad59d92(x=1,y=0), model.Location@56f0cc85(x=2,y=0)],playerNo=1), P=model.Gamepiece@62e20a76(Locations =[model.Location@2cc44ad(x=0,y=0), model.Location@44b3606b(x=1,y=0), model.Location@1477089c(x=0,y=-1), model.Location@663411de(x=1,y=-1), model.Location@63dd899(x=0,y=-2)],playerNo=1), U=model.Gamepiece@59d2400d(Locations =[model.Location@75cd8043(x=0,y=0), model.Location@33b1c5c5(x=0,y=1), model.Location@5b202a3a(x=1,y=1), model.Location@10b9db7b(x=0,y=-1), model.Location@9ef8eb7(x=1,y=-1)],playerNo=1), W=model.Gamepiece@34cdeda2(Locations =[model.Location@6ee660fb(x=0,y=0), model.Location@305a0c5f(x=-1,y=0), model.Location@4535b6d5(x=-1,y=-1), model.Location@1ecee32c(x=0,y=1), model.Location@4372b9b6(x=1,y=1)],playerNo=1), X=model.Gamepiece@232a7d73(Locations =[model.Location@4b41e4dd(x=0,y=0), model.Location@22ffa91a(x=1,y=0), model.Location@74960bfa(x=-1,y=0), model.Location@42721fe(x=0,y=1), model.Location@40844aab(x=0,y=-1)],playerNo=1), Y=model.Gamepiece@1f6c9cd8(Locations =[model.Location@5b619d14(x=0,y=0), model.Location@66746f57(x=0,y=1), model.Location@447a020(x=1,y=0), model.Location@7f36662c(x=2,y=0), model.Location@28e8dde3(x=-1,y=0)],playerNo=1), Z4=model.Gamepiece@6d23017e(Locations =[model.Location@54dcfa5a(x=0,y=0), model.Location@1817f1eb(x=0,y=1), model.Location@767e20cf(x=1,y=1), model.Location@3a3e78f(x=-1,y=0)],playerNo=1), Z5=model.Gamepiece@301ec38b(Locations =[model.Location@17a1e4ca(x=0,y=0), model.Location@10ded6a9(x=-1,y=0), model.Location@c5dc4a2(x=-1,y=-1), model.Location@4a194c39(x=1,y=0), model.Location@52066604(x=1,y=1)],playerNo=1), V3=model.Gamepiece@340b9973(Locations =[model.Location@56113384(x=0,y=0), model.Location@5669c5fb(x=0,y=1), model.Location@373ebf74(x=1,y=0)],playerNo=1), V5=model.Gamepiece@5f9678e1(Locations =[model.Location@c4ed84(x=0,y=0), model.Location@189aa67a(x=0,y=1), model.Location@5a9d6f02(x=0,y=2), model.Location@362045c0(x=1,y=0), model.Location@112f364d(x=2,y=0)],playerNo=1)}), getGamepiece() = model.Gamepiece@340b9973(Locations =[model.Location@56113384(x=0,y=0), model.Location@5669c5fb(x=0,y=1), model.Location@373ebf74(x=1,y=0)],playerNo=1), getLocation() = model.Location@6d9f7a80(x=0,y=0)
Move test: check that the name of the gamepiece given in setGamepieceName(gamepieceName) is returned correctly by getter
	Testing for Move(TestPlayer@31d0e481(name=null,playerNo=0,gamepieceSet=model.GamepieceSet@44040454 {T4=model.Gamepiece@3243b914(Locations =[model.Location@241e8ea6(x=0,y=0), model.Location@542e560f(x=-1,y=0), model.Location@626c44e7(x=1,y=0), model.Location@4dc8caa7(x=0,y=1)],playerNo=0), T5=model.Gamepiece@1d730606(Locations =[model.Location@3bcbb589(x=0,y=0), model.Location@3b00856b(x=1,y=0), model.Location@3016fd5e(x=-1,y=0), model.Location@35d08e6c(x=0,y=1), model.Location@53d102a2(x=0,y=2)],playerNo=0), O4=model.Gamepiece@6c45ee6e(Locations =[model.Location@6b3e12b5(x=0,y=0), model.Location@5aac4250(x=0,y=1), model.Location@1338fb5(x=1,y=1), model.Location@42463763(x=1,y=0)],playerNo=0), F=model.Gamepiece@59f63e24(Locations =[model.Location@61f05988(x=0,y=0), model.Location@7ca33c24(x=-1,y=0), model.Location@fade1fc(x=0,y=-1), model.Location@67c2e933(x=0,y=1), model.Location@41dd05a(x=1,y=1)],playerNo=0), I1=model.Gamepiece@613a8ee1(Locations =[model.Location@178213b(x=0,y=0)],playerNo=0), L4=model.Gamepiece@7103cb56(Locations =[model.Location@1b765a2c(x=0,y=0), model.Location@2e8e8225(x=0,y=1), model.Location@6ebf0f36(x=0,y=2), model.Location@18920cc(x=1,y=0)],playerNo=0), I2=model.Gamepiece@2807bdeb(Locations =[model.Location@72c28d64(x=0,y=0), model.Location@6492fab5(x=0,y=1)],playerNo=0), L5=model.Gamepiece@2c5529ab(Locations =[model.Location@39a8312f(x=0,y=0), model.Location@5f6722d3(x=0,y=1), model.Location@2c532cd8(x=1,y=0), model.Location@294e5088(x=2,y=0), model.Location@51972dc7(x=3,y=0)],playerNo=0), I3=model.Gamepiece@3700ec9c(Locations =[model.Location@2002348(x=0,y=0), model.Location@5911e990(x=0,y=1), model.Location@31000e60(x=0,y=2)],playerNo=0), I4=model.Gamepiece@1d470d0(Locations =[model.Location@24d09c1(x=0,y=0), model.Location@54c62d71(x=0,y=1), model.Location@65045a87(x=0,y=2), model.Location@47f4e407(x=0,y=3)],playerNo=0), I5=model.Gamepiece@2d1dee39(Locations =[model.Location@48d5f34e(x=0,y=0), model.Location@fc258b1(x=0,y=1), model.Location@6ff65192(x=0,y=2), model.Location@2dd80673(x=0,y=3), model.Location@4af0df05(x=0,y=4)],playerNo=0), N=model.Gamepiece@57ea113a(Locations =[model.Location@acdb094(x=0,y=0), model.Location@674bd420(x=0,y=-1), model.Location@2b0f373b(x=-1,y=-1), model.Location@2ceb80a1(x=1,y=0), model.Location@4b45dcb8(x=2,y=0)],playerNo=0), P=model.Gamepiece@7216fb24(Locations =[model.Location@2072acb2(x=0,y=0), model.Location@50ecde95(x=1,y=0), model.Location@35a9782c(x=0,y=-1), model.Location@70a36a66(x=1,y=-1), model.Location@45815ffc(x=0,y=-2)],playerNo=0), U=model.Gamepiece@732f29af(Locations =[model.Location@d3957fe(x=0,y=0), model.Location@6622fc65(x=0,y=1), model.Location@299321e2(x=1,y=1), model.Location@23fb172e(x=0,y=-1), model.Location@64ba3208(x=1,y=-1)],playerNo=0), W=model.Gamepiece@158a3b2e(Locations =[model.Location@25a6944c(x=0,y=0), model.Location@5e1fa5b1(x=-1,y=0), model.Location@6b00f608(x=-1,y=-1), model.Location@2f17e30d(x=0,y=1), model.Location@3e821657(x=1,y=1)],playerNo=0), X=model.Gamepiece@1d131e1b(Locations =[model.Location@71cf1b07(x=0,y=0), model.Location@615091b8(x=1,y=0), model.Location@4fce136b(x=-1,y=0), model.Location@4aa83f4f(x=0,y=1), model.Location@43b6123e(x=0,y=-1)],playerNo=0), Y=model.Gamepiece@260e86a1(Locations =[model.Location@19648c40(x=0,y=0), model.Location@12bd8a64(x=0,y=1), model.Location@61e94def(x=1,y=0), model.Location@3300f4fd(x=2,y=0), model.Location@ebb6851(x=-1,y=0)],playerNo=0), Z4=model.Gamepiece@70ab2d48(Locations =[model.Location@5b068087(x=0,y=0), model.Location@6f152006(x=0,y=1), model.Location@3a393455(x=1,y=1), model.Location@13518f37(x=-1,y=0)],playerNo=0), Z5=model.Gamepiece@7cbc3762(Locations =[model.Location@3a6f2de3(x=0,y=0), model.Location@49872d67(x=-1,y=0), model.Location@56303b57(x=-1,y=-1), model.Location@4b2a01d4(x=1,y=0), model.Location@8692d67(x=1,y=1)],playerNo=0), V3=model.Gamepiece@78f5c518(Locations =[model.Location@2f48b3d2(x=0,y=0), model.Location@34f7234e(x=0,y=1), model.Location@753432a2(x=1,y=0)],playerNo=0), V5=model.Gamepiece@23bff419(Locations =[model.Location@4983159f(x=0,y=0), model.Location@44e3a2b2(x=0,y=1), model.Location@101639ae(x=0,y=2), model.Location@4c550889(x=1,y=0), model.Location@1d2bd371(x=2,y=0)],playerNo=0)}),model.Gamepiece@613a8ee1(Locations =[model.Location@178213b(x=0,y=0)],playerNo=0),"",model.Location@65fe9e33(x=4,y=9)).setGamepieceName(I1): getGamepieceName() = I1
	Testing for Move(TestPlayer@18bc345(name=null,playerNo=1,gamepieceSet=model.GamepieceSet@704f1591 {T4=model.Gamepiece@42f8285e(Locations =[model.Location@26bab2f1(x=0,y=0), model.Location@3724af13(x=-1,y=0), model.Location@68ead359(x=1,y=0), model.Location@6b53bcc2(x=0,y=1)],playerNo=1), T5=model.Gamepiece@180da663(Locations =[model.Location@a43ce46(x=0,y=0), model.Location@340da44c(x=1,y=0), model.Location@424ebba3(x=-1,y=0), model.Location@37052337(x=0,y=1), model.Location@2320fa6f(x=0,y=2)],playerNo=1), O4=model.Gamepiece@7a560583(Locations =[model.Location@4d722ac9(x=0,y=0), model.Location@53f0a4cb(x=0,y=1), model.Location@77a7cf58(x=1,y=1), model.Location@3d97a632(x=1,y=0)],playerNo=1), F=model.Gamepiece@616fe72b(Locations =[model.Location@37efd131(x=0,y=0), model.Location@7e7b159b(x=-1,y=0), model.Location@7e5d9a50(x=0,y=-1), model.Location@60957c0f(x=0,y=1), model.Location@293a5f75(x=1,y=1)],playerNo=1), I1=model.Gamepiece@fcb4004(Locations =[model.Location@1dd6d4b7(x=0,y=0)],playerNo=1), L4=model.Gamepiece@56e8b606(Locations =[model.Location@2dd29a59(x=0,y=0), model.Location@784c3487(x=0,y=1), model.Location@53142455(x=0,y=2), model.Location@40dff0b7(x=1,y=0)],playerNo=1), I2=model.Gamepiece@7966baa7(Locations =[model.Location@60975100(x=0,y=0), model.Location@1253e7cb(x=0,y=1)],playerNo=1), L5=model.Gamepiece@2d36e77e(Locations =[model.Location@61c9c3fd(x=0,y=0), model.Location@3b0c9195(x=0,y=1), model.Location@366c4480(x=1,y=0), model.Location@2c7b5824(x=2,y=0), model.Location@302a07d(x=3,y=0)],playerNo=1), I3=model.Gamepiece@5cdd09b1(Locations =[model.Location@8c11eee(x=0,y=0), model.Location@7e8dcdaa(x=0,y=1), model.Location@681a8b4e(x=0,y=2)],playerNo=1), I4=model.Gamepiece@5cbe877d(Locations =[model.Location@5c08c46a(x=0,y=0), model.Location@4cf8b2dc(x=0,y=1), model.Location@708400f6(x=0,y=2), model.Location@5829e4f4(x=0,y=3)],playerNo=1), I5=model.Gamepiece@4218500f(Locations =[model.Location@4bff64c2(x=0,y=0), model.Location@1b2c4efb(x=0,y=1), model.Location@c35172e(x=0,y=2), model.Location@c2db68f(x=0,y=3), model.Location@3cc41abc(x=0,y=4)],playerNo=1), N=model.Gamepiece@4566d049(Locations =[model.Location@61ce23ac(x=0,y=0), model.Location@3668d4(x=0,y=-1), model.Location@1c3b9394(x=-1,y=-1), model.Location@6f2cfcc2(x=1,y=0), model.Location@7f6f61c8(x=2,y=0)],playerNo=1), P=model.Gamepiece@4c2cc639(Locations =[model.Location@ccb4b1b(x=0,y=0), model.Location@4097cac(x=1,y=0), model.Location@ec2cc4(x=0,y=-1), model.Location@2a5b3fee(x=1,y=-1), model.Location@7c1e2a2d(x=0,y=-2)],playerNo=1), U=model.Gamepiece@333dd51e(Locations =[model.Location@52d645b1(x=0,y=0), model.Location@2101b44a(x=0,y=1), model.Location@2cc3ad05(x=1,y=1), model.Location@710b18a6(x=0,y=-1), model.Location@119020fb(x=1,y=-1)],playerNo=1), W=model.Gamepiece@3d9f6567(Locations =[model.Location@c055c54(x=0,y=0), model.Location@25e2ab5a(x=-1,y=0), model.Location@35e5d0e5(x=-1,y=-1), model.Location@73173f63(x=0,y=1), model.Location@55562aa9(x=1,y=1)],playerNo=1), X=model.Gamepiece@655ef322(Locations =[model.Location@7e276594(x=0,y=0), model.Location@3401a114(x=1,y=0), model.Location@5066d65f(x=-1,y=0), model.Location@4233e892(x=0,y=1), model.Location@77d2e85(x=0,y=-1)],playerNo=1), Y=model.Gamepiece@3ecd267f(Locations =[model.Location@58ffcbd7(x=0,y=0), model.Location@555cf22(x=0,y=1), model.Location@6bb2d00b(x=1,y=0), model.Location@3c9bfddc(x=2,y=0), model.Location@1a9c38eb(x=-1,y=0)],playerNo=1), Z4=model.Gamepiece@319bc845(Locations =[model.Location@4c5474f5(x=0,y=0), model.Location@2f4205be(x=0,y=1), model.Location@54e22bdd(x=1,y=1), model.Location@3bd418e4(x=-1,y=0)],playerNo=1), Z5=model.Gamepiece@544820b7(Locations =[model.Location@6b98a075(x=0,y=0), model.Location@2e61d218(x=-1,y=0), model.Location@3569fc08(x=-1,y=-1), model.Location@20b12f8a(x=1,y=0), model.Location@e84a8e1(x=1,y=1)],playerNo=1), V3=model.Gamepiece@2e554a3b(Locations =[model.Location@54a67a45(x=0,y=0), model.Location@7d42c224(x=0,y=1), model.Location@56aaaecd(x=1,y=0)],playerNo=1), V5=model.Gamepiece@522a32b1(Locations =[model.Location@35390ee3(x=0,y=0), model.Location@5e01a982(x=0,y=1), model.Location@5ddea849(x=0,y=2), model.Location@5ee2b6f9(x=1,y=0), model.Location@23d1e5d0(x=2,y=0)],playerNo=1)}),model.Gamepiece@2e554a3b(Locations =[model.Location@54a67a45(x=0,y=0), model.Location@7d42c224(x=0,y=1), model.Location@56aaaecd(x=1,y=0)],playerNo=1),"",model.Location@58fb7731(x=0,y=0)).setGamepieceName(V3): getGamepieceName() = V3
]]></system-out>
  <system-err><![CDATA[]]></system-err>
</testsuite>
