<?xml version="1.0" encoding="UTF-8"?>
<testsuite name="BoardTest" tests="5" skipped="0" failures="0" errors="0" timestamp="2022-04-20T23:56:18" hostname="DESKTOP-7DAIKI9" time="0.135">
  <properties/>
  <testcase name="defaultContrustor_shouldProduceEmptyBoard()" classname="BoardTest" time="0.043"/>
  <testcase name="makeMove_shouldUpdateBoardCorrectly_whenSecondAndSubsequentMoveIsGiven()" classname="BoardTest" time="0.039"/>
  <testcase name="equals_returnsCorrectResult_whenComparingTwoBoards()" classname="BoardTest" time="0.009"/>
  <testcase name="makeMove_shouldUpdateBoardCorrectly_whenFirstMoveIsGiven()" classname="BoardTest" time="0.011"/>
  <testcase name="playerHasMoves_shouldReturnCorrectValues_whenGivenMidGameAndEndgameBoards()" classname="BoardTest" time="0.029"/>
  <system-out><![CDATA[Board test: default constructor should produce empty board
	Testing newly created board for emptiness ...
	. . . . . . . . . . . . . . 
	. . . . . . . . . . . . . . 
	. . . . . . . . . . . . . . 
	. . . . . . . . . . . . . . 
	. . . . . . . . . . . . . . 
	. . . . . . . . . . . . . . 
	. . . . . . . . . . . . . . 
	. . . . . . . . . . . . . . 
	. . . . . . . . . . . . . . 
	. . . . . . . . . . . . . . 
	. . . . . . . . . . . . . . 
	. . . . . . . . . . . . . . 
	. . . . . . . . . . . . . . 
	. . . . . . . . . . . . . . 
	Testing newly created board for number of players = 2 
Board test: checking that Board correctly reacts to valid and invalid moves
	Testing move model.Move@163370c2(player=0,location=model.Location@dc9876b(x=6,y=8),gamepiece=model.Gamepiece@3b5fad2d(Locations =[model.Location@5e17553a(x=0,y=0), model.Location@3eb91815(x=0,y=-1), model.Location@56dc1551(x=-1,y=-1), model.Location@102cec62(x=1,y=0), model.Location@74f6c5d8(x=2,y=0)],playerNo=0))  against board: model.Board@cd1e646
. . . . . . . . . . . . . . 
. . . . . . . . . . . . . . 
. . . . . . . . . . . . . . 
. . . . X . . . . . . . . . 
. . . . X X . . . . . . . . 
. . . . . . . . . . . . . . 
. . . . . . . . . . . . . . 
. . . . . . . . . . . . . . 
. . . . . . . . . . . . . . 
. . . . . . . . . . . . . . 
. . . . . . . . . . . . . . 
. . . . . . . . . . . . . . 
. . . . . . . . . . . . . . 
. . . . . . . . . . . . . . 
, returnedResult = true, resultantBoard = model.Board@cd1e646
. . . . . . . . . . . . . . 
. . . . . . . . . . . . . . 
. . . . . . . . . . . . . . 
. . . . X . . . . . . . . . 
. . . . X X . . . . . . . . 
. . . . . . X X X . . . . . 
. . . . . X X . . . . . . . 
. . . . . . . . . . . . . . 
. . . . . . . . . . . . . . 
. . . . . . . . . . . . . . 
. . . . . . . . . . . . . . 
. . . . . . . . . . . . . . 
. . . . . . . . . . . . . . 
. . . . . . . . . . . . . . 
	Testing move model.Move@7ba8c737(player=0,location=model.Location@1890516e(x=-1,y=4),gamepiece=model.Gamepiece@15a04efb(Locations =[model.Location@16c069df(x=0,y=0), model.Location@2bec854f(x=0,y=1), model.Location@31edaa7d(x=0,y=2), model.Location@26adfd2d(x=1,y=0)],playerNo=0))  against board: model.Board@3336e6b6
. . . . . . . . . . . . . . 
. . . . . . . . . . . . . . 
. . . . . . . . . . . . . . 
. . . . . . . . . . . . . . 
. . . . . . . . . . . . . . 
. . . . . . . . . . . . . . 
. . . . . . . . . . . . . . 
. . . . . . . . . . . . . . 
. . . . . . . . . . . . . . 
. . . . . . . . . . . . . . 
. . . . . . . . . . . . . . 
. . . . . . . . . . . . . . 
. . . . . . . . . . . . . . 
. . . . . . . . . . . . . . 
, returnedResult = false, resultantBoard = model.Board@3336e6b6
. . . . . . . . . . . . . . 
. . . . . . . . . . . . . . 
. . . . . . . . . . . . . . 
. . . . . . . . . . . . . . 
. . . . . . . . . . . . . . 
. . . . . . . . . . . . . . 
. . . . . . . . . . . . . . 
. . . . . . . . . . . . . . 
. . . . . . . . . . . . . . 
. . . . . . . . . . . . . . 
. . . . . . . . . . . . . . 
. . . . . . . . . . . . . . 
. . . . . . . . . . . . . . 
. . . . . . . . . . . . . . 
	Testing move model.Move@7c3fdb62(player=1,location=model.Location@205d38da(x=10,y=2),gamepiece=model.Gamepiece@6950ed69(Locations =[model.Location@6dd7b5a3(x=0,y=0), model.Location@6f3187b0(x=-1,y=0), model.Location@2663e964(x=-1,y=-1), model.Location@48b67364(x=0,y=1), model.Location@189cbd7c(x=1,y=1)],playerNo=1))  against board: model.Board@7bf3a5d8
. . . . . . . . . . . . . . 
. . . . . . . . . . . . . . 
. . . . . . . . . . . . . . 
. . . . . . . . . . . . . . 
. . . . . . . . . . . . . . 
. . . . . . . . . . . . . . 
. . . . . . . . . . . . . . 
. . . . . . . . . . . . . . 
. . . . . . . . . O . . . . 
. . . . . . . . . O . . . . 
. . . . . . . . . . . . . . 
. . . . . . . . . . . . . . 
. . . . . . . . . . . . . . 
. . . . . . . . . . . . . . 
, returnedResult = true, resultantBoard = model.Board@7bf3a5d8
. . . . . . . . . . . . . . 
. . . . . . . . . . . . . . 
. . . . . . . . . . . . . . 
. . . . . . . . . . . . . . 
. . . . . . . . . . . . . . 
. . . . . . . . . . . . . . 
. . . . . . . . . . . . . . 
. . . . . . . . . . . . . . 
. . . . . . . . . O . . . . 
. . . . . . . . . O . . . . 
. . . . . . . . . . O O . . 
. . . . . . . . . O O . . . 
. . . . . . . . . O . . . . 
. . . . . . . . . . . . . . 
	Testing move model.Move@42e25b0b(player=1,location=model.Location@39b43d60(x=4,y=10),gamepiece=model.Gamepiece@44be0077(Locations =[model.Location@2205a05d(x=0,y=0), model.Location@72ef8d15(x=0,y=1), model.Location@6aa8e115(x=1,y=0)],playerNo=1))  against board: model.Board@5e21e98f
. . . . . . . . . . . . . . 
. . . . . . . . . . . . . . 
. . . . . . . . . . . . . . 
. . . . X X . . . . . . . . 
. . . . X . . . . . . . . . 
. . . . X . . . . . . . . . 
. . . . . . . . . . . . . . 
. . . . . . . . . . . . . . 
. . . . . . . . . . . . . . 
. . . . . . . . . . . . . . 
. . . . . . . . . . . . . . 
. . . . . . . . . . . . . . 
. . . . . . . . . . . . . . 
. . . . . . . . . . . . . . 
, returnedResult = false, resultantBoard = model.Board@5e21e98f
. . . . . . . . . . . . . . 
. . . . . . . . . . . . . . 
. . . . . . . . . . . . . . 
. . . . X X . . . . . . . . 
. . . . X . . . . . . . . . 
. . . . X . . . . . . . . . 
. . . . . . . . . . . . . . 
. . . . . . . . . . . . . . 
. . . . . . . . . . . . . . 
. . . . . . . . . . . . . . 
. . . . . . . . . . . . . . 
. . . . . . . . . . . . . . 
. . . . . . . . . . . . . . 
. . . . . . . . . . . . . . 
	Testing move model.Move@51a9ad5e(player=1,location=model.Location@5f20155b(x=9,y=5),gamepiece=model.Gamepiece@72ade7e3(Locations =[model.Location@239105a8(x=0,y=0), model.Location@3fce8fd9(x=0,y=1), model.Location@609bcfb6(x=1,y=0)],playerNo=1))  against board: model.Board@7d94beb9
. . . . . . . . . . . . . . 
. . . . . . . . . . . . . . 
. . . . . . . . . . . . . . 
. . . . X X . . . . . . . . 
. . . . X . . . . . . . . . 
. . . . X . . . . . . . . . 
. . . . . . . . . . . . . . 
. . . . . . . . . . . . . . 
. . . . . . . . . . . . . . 
. . . . . . . . . O . . . . 
. . . . . . . . . O . . . . 
. . . . . . . . . . . . . . 
. . . . . . . . . . . . . . 
. . . . . . . . . . . . . . 
, returnedResult = false, resultantBoard = model.Board@7d94beb9
. . . . . . . . . . . . . . 
. . . . . . . . . . . . . . 
. . . . . . . . . . . . . . 
. . . . X X . . . . . . . . 
. . . . X . . . . . . . . . 
. . . . X . . . . . . . . . 
. . . . . . . . . . . . . . 
. . . . . . . . . . . . . . 
. . . . . . . . . . . . . . 
. . . . . . . . . O . . . . 
. . . . . . . . . O . . . . 
. . . . . . . . . . . . . . 
. . . . . . . . . . . . . . 
. . . . . . . . . . . . . . 
Board test: checking that equals works correctly
	Testing board model.Board@1df8b5b8
. . . . . . . . . . . . . . 
. . . . . . . . . . . . . . 
. . . . . . . . . . . . . . 
. . . . . . . . . . . . . . 
. . . . . . . . . . . . . . 
. . . . . . . . . . . . . . 
. . . . . . . . . . . . . . 
. . . . . . . . . . . . . . 
. . . . . . . . . . . . . . 
. . . . . . . . . . . . . . 
. . . . . . . . . . . . . . 
. . . . . . . . . . . . . . 
. . . . . . . . . . . . . . 
. . . . . . . . . . . . . . 
 against model.Board@1df8b5b8
. . . . . . . . . . . . . . 
. . . . . . . . . . . . . . 
. . . . . . . . . . . . . . 
. . . . . . . . . . . . . . 
. . . . . . . . . . . . . . 
. . . . . . . . . . . . . . 
. . . . . . . . . . . . . . 
. . . . . . . . . . . . . . 
. . . . . . . . . . . . . . 
. . . . . . . . . . . . . . 
. . . . . . . . . . . . . . 
. . . . . . . . . . . . . . 
. . . . . . . . . . . . . . 
. . . . . . . . . . . . . . 
, expected equality = true
	Testing board model.Board@1df8b5b8
. . . . . . . . . . . . . . 
. . . . . . . . . . . . . . 
. . . . . . . . . . . . . . 
. . . . . . . . . . . . . . 
. . . . . . . . . . . . . . 
. . . . . . . . . . . . . . 
. . . . . . . . . . . . . . 
. . . . . . . . . . . . . . 
. . . . . . . . . . . . . . 
. . . . . . . . . . . . . . 
. . . . . . . . . . . . . . 
. . . . . . . . . . . . . . 
. . . . . . . . . . . . . . 
. . . . . . . . . . . . . . 
 against model.Board@23202fce
. . . . . . . . . . . . . . 
. . . . . . . . . . . . . . 
. . . . . . . . . . . . . . 
. . . . . . . . . . . . . . 
. . . . . . . . . . . . . . 
. . . . . . . . . . . . . . 
. . . . . . . . . . . . . . 
. . . . . . . . . . . . . . 
. . . . . . . . . . . . . . 
. . . . . . . . . . . . . . 
. . . . . . . . . . . . . . 
. . . . . . . . . . . . . . 
. . . . . . . . . . . . . . 
. . . . . . . . . . . . . . 
, expected equality = true
	Testing board model.Board@1df8b5b8
. . . . . . . . . . . . . . 
. . . . . . . . . . . . . . 
. . . . . . . . . . . . . . 
. . . . . . . . . . . . . . 
. . . . . . . . . . . . . . 
. . . . . . . . . . . . . . 
. . . . . . . . . . . . . . 
. . . . . . . . . . . . . . 
. . . . . . . . . . . . . . 
. . . . . . . . . . . . . . 
. . . . . . . . . . . . . . 
. . . . . . . . . . . . . . 
. . . . . . . . . . . . . . 
. . . . . . . . . . . . . . 
 against model.Board@7b993c65
. . . . . . . . . . . . . . 
. . . . . . . . . . . . . . 
. . . . . . . . . . . . . . 
. . . . . X . . . . . . . . 
. . . . . X X . . . . . . . 
. . . . . . . . . . . . . . 
. . . . . . . . . . . . . . 
. . . . . . . . . . O . . . 
. . . . . . . . . . O . . . 
. . . . . . . . . . O . . . 
. . . . . . . . . . . . . . 
. . . . . . . . . . . . . . 
. . . . . . . . . . . . . . 
. . . . . . . . . . . . . . 
, expected equality = false
	Testing board model.Board@1df8b5b8
. . . . . . . . . . . . . . 
. . . . . . . . . . . . . . 
. . . . . . . . . . . . . . 
. . . . . . . . . . . . . . 
. . . . . . . . . . . . . . 
. . . . . . . . . . . . . . 
. . . . . . . . . . . . . . 
. . . . . . . . . . . . . . 
. . . . . . . . . . . . . . 
. . . . . . . . . . . . . . 
. . . . . . . . . . . . . . 
. . . . . . . . . . . . . . 
. . . . . . . . . . . . . . 
. . . . . . . . . . . . . . 
 against a string, expected equality = false
Board test: checking that Board correctly reacts to valid and invalid moves
	Testing move model.Move@6f1c29b7(player=0,location=model.Location@4d6025c5(x=4,y=9),gamepiece=model.Gamepiece@7f284218(Locations =[model.Location@407a7f2a(x=0,y=0), model.Location@4ea5b703(x=0,y=1), model.Location@2a7ed1f(x=1,y=0)],playerNo=0))  against board: model.Board@3fa247d1
. . . . . . . . . . . . . . 
. . . . . . . . . . . . . . 
. . . . . . . . . . . . . . 
. . . . . . . . . . . . . . 
. . . . . . . . . . . . . . 
. . . . . . . . . . . . . . 
. . . . . . . . . . . . . . 
. . . . . . . . . . . . . . 
. . . . . . . . . . . . . . 
. . . . . . . . . . . . . . 
. . . . . . . . . . . . . . 
. . . . . . . . . . . . . . 
. . . . . . . . . . . . . . 
. . . . . . . . . . . . . . 
, returnedResult = true, resultantBoard = model.Board@3fa247d1
. . . . . . . . . . . . . . 
. . . . . . . . . . . . . . 
. . . . . . . . . . . . . . 
. . . . X . . . . . . . . . 
. . . . X X . . . . . . . . 
. . . . . . . . . . . . . . 
. . . . . . . . . . . . . . 
. . . . . . . . . . . . . . 
. . . . . . . . . . . . . . 
. . . . . . . . . . . . . . 
. . . . . . . . . . . . . . 
. . . . . . . . . . . . . . 
. . . . . . . . . . . . . . 
. . . . . . . . . . . . . . 
	Testing move model.Move@2cb2fc20(player=0,location=model.Location@4f4c4b1a(x=-1,y=4),gamepiece=model.Gamepiece@723e88f9(Locations =[model.Location@5f0fd5a0(x=0,y=0), model.Location@64e7619d(x=0,y=1), model.Location@495ee280(x=0,y=2)],playerNo=0))  against board: model.Board@4fa1c212
. . . . . . . . . . . . . . 
. . . . . . . . . . . . . . 
. . . . . . . . . . . . . . 
. . . . . . . . . . . . . . 
. . . . . . . . . . . . . . 
. . . . . . . . . . . . . . 
. . . . . . . . . . . . . . 
. . . . . . . . . . . . . . 
. . . . . . . . . . . . . . 
. . . . . . . . . . . . . . 
. . . . . . . . . . . . . . 
. . . . . . . . . . . . . . 
. . . . . . . . . . . . . . 
. . . . . . . . . . . . . . 
, returnedResult = false, resultantBoard = model.Board@4fa1c212
. . . . . . . . . . . . . . 
. . . . . . . . . . . . . . 
. . . . . . . . . . . . . . 
. . . . . . . . . . . . . . 
. . . . . . . . . . . . . . 
. . . . . . . . . . . . . . 
. . . . . . . . . . . . . . 
. . . . . . . . . . . . . . 
. . . . . . . . . . . . . . 
. . . . . . . . . . . . . . 
. . . . . . . . . . . . . . 
. . . . . . . . . . . . . . 
. . . . . . . . . . . . . . 
. . . . . . . . . . . . . . 
	Testing move model.Move@6ea2bc93(player=1,location=model.Location@3116c353(x=9,y=4),gamepiece=model.Gamepiece@f627d13(Locations =[model.Location@4e928fbf(x=0,y=0), model.Location@352ff4da(x=0,y=1)],playerNo=1))  against board: model.Board@3224a577
. . . . . . . . . . . . . . 
. . . . . . . . . . . . . . 
. . . . . . . . . . . . . . 
. . . . . . . . . . . . . . 
. . . . . . . . . . . . . . 
. . . . . . . . . . . . . . 
. . . . . . . . . . . . . . 
. . . . . . . . . . . . . . 
. . . . . . . . . . . . . . 
. . . . . . . . . . . . . . 
. . . . . . . . . . . . . . 
. . . . . . . . . . . . . . 
. . . . . . . . . . . . . . 
. . . . . . . . . . . . . . 
, returnedResult = true, resultantBoard = model.Board@3224a577
. . . . . . . . . . . . . . 
. . . . . . . . . . . . . . 
. . . . . . . . . . . . . . 
. . . . . . . . . . . . . . 
. . . . . . . . . . . . . . 
. . . . . . . . . . . . . . 
. . . . . . . . . . . . . . 
. . . . . . . . . . . . . . 
. . . . . . . . . O . . . . 
. . . . . . . . . O . . . . 
. . . . . . . . . . . . . . 
. . . . . . . . . . . . . . 
. . . . . . . . . . . . . . 
. . . . . . . . . . . . . . 
	Testing move model.Move@2e32ccc5(player=1,location=model.Location@748741cb(x=3,y=9),gamepiece=model.Gamepiece@3e44f2a5(Locations =[model.Location@295cf707(x=0,y=0)],playerNo=1))  against board: model.Board@1130520d
. . . . . . . . . . . . . . 
. . . . . . . . . . . . . . 
. . . . . . . . . . . . . . 
. . . . . . . . . . . . . . 
. . . . . . . . . . . . . . 
. . . . . . . . . . . . . . 
. . . . . . . . . . . . . . 
. . . . . . . . . . . . . . 
. . . . . . . . . . . . . . 
. . . . . . . . . . . . . . 
. . . . . . . . . . . . . . 
. . . . . . . . . . . . . . 
. . . . . . . . . . . . . . 
. . . . . . . . . . . . . . 
, returnedResult = false, resultantBoard = model.Board@1130520d
. . . . . . . . . . . . . . 
. . . . . . . . . . . . . . 
. . . . . . . . . . . . . . 
. . . . . . . . . . . . . . 
. . . . . . . . . . . . . . 
. . . . . . . . . . . . . . 
. . . . . . . . . . . . . . 
. . . . . . . . . . . . . . 
. . . . . . . . . . . . . . 
. . . . . . . . . . . . . . 
. . . . . . . . . . . . . . 
. . . . . . . . . . . . . . 
. . . . . . . . . . . . . . 
. . . . . . . . . . . . . . 
Board test: checking that playerHasMoves() correctly analyses given board configurations
	Checking whether player 0 has moves on board model.Board@463fd068
. . . . . . . . . . . . . . 
. . . . . . . . . . . . . . 
. . . . . . . . . . . . . . 
. . . . X X . . . . . . . . 
. . . . X . . . . . . . . . 
. . . . X . . . . . . . . . 
. . . . . . . . . . . . . . 
. . . . . . . . . . . . . . 
. . . . . . . . . O . . . . 
. . . . . . . . . O . . . . 
. . . . . . . . . O . . . . 
. . . . . . . . . . . . . . 
. . . . . . . . . . . . . . 
. . . . . . . . . . . . . . 
: playerHasMoves() = true
	Checking whether player 1 has moves on board model.Board@463fd068
. . . . . . . . . . . . . . 
. . . . . . . . . . . . . . 
. . . . . . . . . . . . . . 
. . . . X X . . . . . . . . 
. . . . X . . . . . . . . . 
. . . . X . . . . . . . . . 
. . . . . . . . . . . . . . 
. . . . . . . . . . . . . . 
. . . . . . . . . O . . . . 
. . . . . . . . . O . . . . 
. . . . . . . . . O . . . . 
. . . . . . . . . . . . . . 
. . . . . . . . . . . . . . 
. . . . . . . . . . . . . . 
: playerHasMoves() = true
	Checking whether player 0 has moves on board model.Board@895e367
X X O O O O X O . . O O . O 
X X O X X X X O X O O X O O 
O O X . O O O X X X O X O . 
O X X X O O X O O O X O X O 
O O X O X X X O X X X O X O 
X . O O . . X O X O . O X O 
X O O . X X O . O O . O X . 
X . X X X O O O . O . O X . 
X O O O O X O . O X X X O O 
O X O X X X . X O O O X O O 
O X X O O O X X . . O X . . 
O . X X . O O X X O X O X X 
O X O O O X X . . O . O O X 
X X X X O X X X O O O . X X 
: playerHasMoves() = false
	Checking whether player 1 has moves on board model.Board@895e367
X X O O O O X O . . O O . O 
X X O X X X X O X O O X O O 
O O X . O O O X X X O X O . 
O X X X O O X O O O X O X O 
O O X O X X X O X X X O X O 
X . O O . . X O X O . O X O 
X O O . X X O . O O . O X . 
X . X X X O O O . O . O X . 
X O O O O X O . O X X X O O 
O X O X X X . X O O O X O O 
O X X O O O X X . . O X . . 
O . X X . O O X X O X O X X 
O X O O O X X . . O . O O X 
X X X X O X X X O O O . X X 
: playerHasMoves() = true
	Checking whether player 0 has moves on board model.Board@1b266842
X X O O O O X O . . O O . O 
X X O X X X X O X O O X O O 
O O X . O O O X X X O X O . 
O X X X O O X O O O X O X O 
O O X O X X X O X X X O X O 
X . O O . . X O X O . O X O 
X O O . X X O . O O . O X . 
X . X X X O O O . O . O X . 
X O O O O X O . O X X X O O 
O X O X X X . X O O O X O O 
O X X O O O X X . . O X . . 
O . X X . O O X X O X O X X 
O X O O O X X O . O . O O X 
X X X X O X X X O O O . X X 
: playerHasMoves() = false
	Checking whether player 1 has moves on board model.Board@1b266842
X X O O O O X O . . O O . O 
X X O X X X X O X O O X O O 
O O X . O O O X X X O X O . 
O X X X O O X O O O X O X O 
O O X O X X X O X X X O X O 
X . O O . . X O X O . O X O 
X O O . X X O . O O . O X . 
X . X X X O O O . O . O X . 
X O O O O X O . O X X X O O 
O X O X X X . X O O O X O O 
O X X O O O X X . . O X . . 
O . X X . O O X X O X O X X 
O X O O O X X O . O . O O X 
X X X X O X X X O O O . X X 
: playerHasMoves() = false
]]></system-out>
  <system-err><![CDATA[]]></system-err>
</testsuite>
