<?xml version="1.0" encoding="UTF-8"?>
<testsuite name="GamepieceTest" tests="6" skipped="0" failures="0" errors="0" timestamp="2022-04-20T23:56:18" hostname="DESKTOP-7DAIKI9" time="0.038">
  <properties/>
  <testcase name="equals_shouldCorrectlyCompareGamepiece_withGamepieceAndNonGamepieceObjects()" classname="GamepieceTest" time="0.005"/>
  <testcase name="getLocations_shouldReturnCorrectLocaitons_afterGamepieceIsCreated()" classname="GamepieceTest" time="0.006"/>
  <testcase name="cloning_shouldReturnTrue_whenComparingLocationsWithSameXY()" classname="GamepieceTest" time="0.002"/>
  <testcase name="rotateRight_shouldProduceFourDistinctShapes_whenAppliedToWPiece()" classname="GamepieceTest" time="0.007"/>
  <testcase name="flipAlongY_shouldProduceTwoDistinctShapes_whenAppliedToWPiece()" classname="GamepieceTest" time="0.003"/>
  <testcase name="getPlayerNo_shouldReturnCorrectPlayerNo_afterGamepieceIsCreated()" classname="GamepieceTest" time="0.002"/>
  <system-out><![CDATA[Gamepiece equality: check that equals returns correct values when comparing gamepiece with gamepiece and non-gamepiece objects
Gamepiece test: check that getLocations() returns correct value
	Testing for Gamepiece([],1):
		expected Locations() = []
		getLocations() = []
	Testing for Gamepiece([0, 0, 1, 0, 1, 1, 1, 2, 1, 3],0):
		expected Locations() = [model.Location@34f22f9d(x=0,y=0), model.Location@3d1848cc(x=1,y=0), model.Location@7dda48d9(x=1,y=1), model.Location@6e4566f1(x=1,y=2), model.Location@4b6e2263(x=1,y=3)]
		getLocations() = [model.Location@344f4dea(x=0,y=0), model.Location@1b7c473a(x=1,y=0), model.Location@5e4bd84a(x=1,y=1), model.Location@648c94da(x=1,y=2), model.Location@2a62b5bc(x=1,y=3)]
Gamepiece test: check that Gamepiece object constructed from another Gamepiece object has the same array of locations and playerNo
	Testing for 
		given Gamepiece   = model.Gamepiece@535779e4(Locations =[model.Location@53fd0d10(x=0,y=0), model.Location@6c0d9d86(x=1,y=0), model.Location@4ce1d6d0(x=1,y=1), model.Location@24111ef1(x=2,y=1), model.Location@1f3f02ee(x=2,y=2)],playerNo=0),
		returned Gamepiece = model.Gamepiece@1fde5d22(Locations =[model.Location@5dcb4f5f(x=0,y=0), model.Location@71812481(x=1,y=0), model.Location@16ce702d(x=1,y=1), model.Location@7b94089b(x=2,y=1), model.Location@7ca20101(x=2,y=2)],playerNo=0)
	Testing for 
		given Gamepiece   = model.Gamepiece@47f9738(Locations =[model.Location@6155d082(x=0,y=0)],playerNo=1),
		returned Gamepiece = model.Gamepiece@3a5ecce3(Locations =[model.Location@561868a0(x=0,y=0)],playerNo=1)
Gamepiece test: check that rotating W piece to the right produces four distinct shapes and returns back to the original shape
	Testing for 
		given Gamepiece   = model.Gamepiece@6138e79a(Locations =[model.Location@2dcd168a(x=0,y=0), model.Location@388526fb(x=1,y=0), model.Location@21a21c64(x=1,y=1), model.Location@7803bfd(x=2,y=1), model.Location@42bc14c1(x=2,y=2)],playerNo=0),
		rotated Gamepiece = model.Gamepiece@531f4093(Locations =[model.Location@62ef27a8(x=0,y=0), model.Location@6436a7db(x=0,y=-1), model.Location@460ebd80(x=1,y=-1), model.Location@6f3c660a(x=1,y=-2), model.Location@74f5ce22(x=2,y=-2)],playerNo=0)
	Testing for 
		given Gamepiece   = model.Gamepiece@25aca718(Locations =[model.Location@16fdec90(x=0,y=0), model.Location@1afdd473(x=0,y=-1), model.Location@40238dd0(x=1,y=-1), model.Location@7776ab(x=1,y=-2), model.Location@79179359(x=2,y=-2)],playerNo=0),
		rotated Gamepiece = model.Gamepiece@dbd8e44(Locations =[model.Location@51acdf2e(x=0,y=0), model.Location@6a55299e(x=-1,y=0), model.Location@2f1de2d6(x=-1,y=-1), model.Location@4eb386df(x=-2,y=-1), model.Location@79517588(x=-2,y=-2)],playerNo=0)
	Testing for 
		given Gamepiece   = model.Gamepiece@3a0baae5(Locations =[model.Location@7ac0e420(x=0,y=0), model.Location@289710d9(x=-1,y=0), model.Location@5a18cd76(x=-1,y=-1), model.Location@3da30852(x=-2,y=-1), model.Location@403f0a22(x=-2,y=-2)],playerNo=0),
		rotated Gamepiece = model.Gamepiece@503ecb24(Locations =[model.Location@4c51cf28(x=0,y=0), model.Location@6995bf68(x=0,y=1), model.Location@5143c662(x=-1,y=1), model.Location@77825085(x=-1,y=2), model.Location@3568f9d2(x=-2,y=2)],playerNo=0)
	Testing for 
		given Gamepiece   = model.Gamepiece@71c27ee8(Locations =[model.Location@3e7dd664(x=0,y=0), model.Location@5b1ebf56(x=0,y=1), model.Location@294a6b8e(x=-1,y=1), model.Location@4b1d6571(x=-1,y=2), model.Location@1b835480(x=-2,y=2)],playerNo=0),
		rotated Gamepiece = model.Gamepiece@3549bca9(Locations =[model.Location@4f25b795(x=0,y=0), model.Location@6fb365ed(x=1,y=0), model.Location@6e950bcf(x=1,y=1), model.Location@16414e40(x=2,y=1), model.Location@74bada02(x=2,y=2)],playerNo=0)
Gamepiece test: check that flipping W piece along the vertical axis produces two distinct shapes and returns back to the original shape
	Testing for 
		given Gamepiece   = model.Gamepiece@78383390(Locations =[model.Location@6ad3381f(x=0,y=0), model.Location@53dbe163(x=1,y=0), model.Location@db57326(x=1,y=1), model.Location@34a875b3(x=2,y=1), model.Location@4748a0f9(x=2,y=2)],playerNo=1),
		rotated Gamepiece = model.Gamepiece@4b14918a(Locations =[model.Location@6d1ef78d(x=0,y=0), model.Location@1a6c1270(x=-1,y=0), model.Location@18a136ac(x=-1,y=1), model.Location@77d67cf3(x=-2,y=1), model.Location@6dee4f1b(x=-2,y=2)],playerNo=1)
	Testing for 
		given Gamepiece   = model.Gamepiece@176b3f44(Locations =[model.Location@6ee6f53(x=0,y=0), model.Location@421bba99(x=-1,y=0), model.Location@5d12a356(x=-1,y=1), model.Location@134d26af(x=-2,y=1), model.Location@66ac5762(x=-2,y=2)],playerNo=1),
		rotated Gamepiece = model.Gamepiece@797cf65c(Locations =[model.Location@31bcf236(x=0,y=0), model.Location@4b3ed2f0(x=1,y=0), model.Location@4fad9bb2(x=1,y=1), model.Location@517d4a0d(x=2,y=1), model.Location@7862f56(x=2,y=2)],playerNo=1)
Gamepiece test: check that getPlayerNo() returns correct value
	Testing for Gamepiece([0, 0, 1, 0, 1, 1],0): getPlayerNo() = 0
	Testing for Gamepiece([0, 0, 1, 0, 1, 1],1): getPlayerNo() = 1
]]></system-out>
  <system-err><![CDATA[]]></system-err>
</testsuite>
